Arguments: 
  C:\Program Files\nodejs\node.exe C:\Users\Conrado Ramalho\AppData\Roaming\npm\node_modules\yarn\bin\yarn.js start

PATH: 
  C:\WINDOWS\system32;C:\WINDOWS;C:\WINDOWS\System32\Wbem;C:\WINDOWS\System32\WindowsPowerShell\v1.0\;C:\Program Files (x86)\NVIDIA Corporation\PhysX\Common;C:\Program Files\nodejs\;C:\Program Files\Git\cmd;C:\Users\Conrado Ramalho\AppData\Local\Microsoft\WindowsApps;C:\Users\Conrado Ramalho\AppData\Roaming\npm;C:\Program Files\Microsoft VS Code\bin

Yarn version: 
  1.5.1

Node version: 
  9.5.0

Platform: 
  win32 x64

npm manifest: 
  No manifest

yarn manifest: 
  No manifest

Lockfile: 
  No lockfile

Trace: 
  Error: Couldn't find a package.json file in "C:\\Users\\Conrado Ramalho\\Documents\\Projects\\React\\react-posts-list"
      at new MessageError (C:\Users\Conrado Ramalho\AppData\Roaming\npm\node_modules\yarn\lib\cli.js:186:110)
      at C:\Users\Conrado Ramalho\AppData\Roaming\npm\node_modules\yarn\lib\cli.js:40048:15
      at Generator.next (<anonymous>)
      at step (C:\Users\Conrado Ramalho\AppData\Roaming\npm\node_modules\yarn\lib\cli.js:98:30)
      at C:\Users\Conrado Ramalho\AppData\Roaming\npm\node_modules\yarn\lib\cli.js:109:13
      at <anonymous>
